TN:
SF:src\app.js
FN:13,(anonymous_0)
FNF:1
FNH:1
FNDA:1,(anonymous_0)
DA:1,1
DA:2,1
DA:4,1
DA:7,1
DA:10,1
DA:13,1
DA:14,1
DA:18,1
LF:8
LH:8
BRF:0
BRH:0
end_of_record
TN:
SF:src\controllers\user.controller.js
FN:7,getAllUsers
FN:14,createUser
FNF:2
FNH:2
FNDA:2,getAllUsers
FNDA:3,createUser
DA:2,1
DA:8,2
DA:15,3
DA:17,3
DA:18,1
DA:21,2
DA:27,2
DA:28,2
DA:32,1
LF:9
LH:9
BRDA:17,0,0,1
BRDA:17,0,1,2
BRDA:17,1,0,3
BRDA:17,1,1,3
BRF:4
BRH:4
end_of_record
TN:
SF:src\routes\user.routes.js
FNF:0
FNH:0
DA:1,1
DA:2,1
DA:4,1
DA:7,1
DA:10,1
DA:12,1
LF:6
LH:6
BRF:0
BRH:0
end_of_record
